<?xml version="1.0" encoding="UTF-8"?>
<!-- Generated by org.testng.reporters.JUnitXMLReporter -->
<testsuite ignored="0" hostname="DESKTOP-UAJMCLF" failures="0" tests="0" name="LoginTest" time="0.381" errors="0" timestamp="2022-08-02T10:43:11 IST">
  <testcase classname="tests.BaseTest" name="@BeforeClass classLevelSetup" time="0.051">
    <failure type="java.lang.IllegalStateException" message="The driver executable must exist: D:\eclipse\ClarityMaven2\‪‪C:\chromedriver_win32\chromedriver.exe">
      <![CDATA[java.lang.IllegalStateException: The driver executable must exist: D:\eclipse\ClarityMaven2\‪‪C:\chromedriver_win32\chromedriver.exe
at org.openqa.selenium.internal.Require$FileStateChecker.isFile(Require.java:342)
at org.openqa.selenium.remote.service.DriverService.checkExecutable(DriverService.java:147)
at org.openqa.selenium.remote.service.DriverService.findExecutable(DriverService.java:142)
at org.openqa.selenium.chrome.ChromeDriverService.access$000(ChromeDriverService.java:39)
at org.openqa.selenium.chrome.ChromeDriverService$Builder.findDefaultExecutable(ChromeDriverService.java:233)
at org.openqa.selenium.remote.service.DriverService$Builder.build(DriverService.java:437)
at org.openqa.selenium.chrome.ChromeDriverService.createServiceWithConfig(ChromeDriverService.java:142)
at org.openqa.selenium.chrome.ChromeDriver.<init>(ChromeDriver.java:70)
at tests.BaseTest.classLevelSetup(BaseTest.java:38)
at java.base/java.util.ArrayList.forEach(ArrayList.java:1511)
... Removed 25 stack frames]]>
    </failure>
  </testcase> <!-- @BeforeClass classLevelSetup -->
  <testcase classname="tests.BaseTest" name="@BeforeMethod methodLevelSetup" time="0.0">
    <skipped/>
  </testcase> <!-- @BeforeMethod methodLevelSetup -->
  <testcase classname="tests.BaseTest" name="@AfterClass teardown" time="0.0">
    <skipped/>
  </testcase> <!-- @AfterClass teardown -->
</testsuite> <!-- LoginTest -->
